生成启动时间为 2016/9/17 20:34:10。
     1>项目“C:\Users\cms\Desktop\ARToolKit5\VisualStudio\vs120\ARICP.vcxproj”在节点 9 上(Build 个目标)。
     1>ClCompile:
         C:\Program Files (x86)\Microsoft Visual Studio 12.0\VC\bin\CL.exe /c /IC:\Users\cms\Desktop\ARToolKit5\VisualStudio\vs120\..\..\include /nologo /W3 /WX- /O2 /Oy- /D WIN32 /D NDEBUG /D _LIB /D _CRT_SECURE_NO_DEPRECATE /D _VC80_UPGRADE=0x0710 /D _MBCS /Gm- /EHsc /MD /GS /fp:precise /Zc:wchar_t /Zc:forScope /Fo"Release\ARICP\\" /Fd"Release\ARICP\vc120.pdb" /Gd /TC /analyze- /errorReport:prompt ..\..\lib\SRC\ARICP\icpCalibStereo.c ..\..\lib\SRC\ARICP\icpCore.c ..\..\lib\SRC\ARICP\icpHandle.c ..\..\lib\SRC\ARICP\icpPoint.c ..\..\lib\SRC\ARICP\icpPointRobust.c ..\..\lib\SRC\ARICP\icpStereoHandle.c ..\..\lib\SRC\ARICP\icpStereoPoint.c ..\..\lib\SRC\ARICP\icpStereoPointRobust.c ..\..\lib\SRC\ARICP\icpUtil.c
         icpCalibStereo.c
         icpCore.c
         icpHandle.c
         icpPoint.c
         icpPointRobust.c
         icpStereoHandle.c
         icpStereoPoint.c
         icpStereoPointRobust.c
         icpUtil.c
         Generating Code...
       Lib:
         C:\Program Files (x86)\Microsoft Visual Studio 12.0\VC\bin\Lib.exe /OUT:"C:\Users\cms\Desktop\ARToolKit5\VisualStudio\vs120\..\..\lib\win32-i386\ARICP.lib" /NOLOGO Release\ARICP\icpCalibStereo.obj
         Release\ARICP\icpCore.obj
         Release\ARICP\icpHandle.obj
         Release\ARICP\icpPoint.obj
         Release\ARICP\icpPointRobust.obj
         Release\ARICP\icpStereoHandle.obj
         Release\ARICP\icpStereoPoint.obj
         Release\ARICP\icpStereoPointRobust.obj
         Release\ARICP\icpUtil.obj
         ARICP.vcxproj -> C:\Users\cms\Desktop\ARToolKit5\VisualStudio\vs120\..\..\lib\win32-i386\ARICP.lib
     1>已完成生成项目“C:\Users\cms\Desktop\ARToolKit5\VisualStudio\vs120\ARICP.vcxproj”(Build 个目标)的操作。

已成功生成。

已用时间 00:00:02.63
