生成启动时间为 2016/9/17 17:51:46。
     1>项目“C:\Users\cms\Desktop\ARToolKit5\VisualStudio\vs120\ARvideo.vcxproj”在节点 4 上(Build 个目标)。
     1>ClCompile:
         C:\Program Files (x86)\Microsoft Visual Studio 12.0\VC\bin\x86_amd64\CL.exe /c /IC:\Users\cms\Desktop\ARToolKit5\VisualStudio\vs120\..\..\include /I"C:\Users\cms\Desktop\ARToolKit5\VisualStudio\vs120\..\..\include\win64-x64" /IC:\Users\cms\Desktop\ARToolKit5\VisualStudio\vs120\..\..\lib\SRC\VideoWinDSVL /IC:\Users\cms\Desktop\ARToolKit5\VisualStudio\vs120\..\..\lib\SRC\VideoWinDS /IC:\Users\cms\Desktop\ARToolKit5\VisualStudio\vs120\..\..\DSVL\src /Iinclude /I"C:\Program Files\Point Grey Research\FlyCapture2\include\FC1" /I"C:\Program Files\Point Grey Research\PGR FlyCapture\include" /nologo /W3 /WX- /O2 /D WIN32 /D NDEBUG /D _DLL /D LIBARVIDEO_EXPORTS /D _CRT_SECURE_NO_DEPRECATE /D _WINDLL /D _MBCS /Gm- /EHsc /MD /GS /fp:precise /Zc:wchar_t /Zc:forScope /Fo"x64\Release\ARvideo\\" /Fd"x64\Release\ARvideo\vc120.pdb" /Gd /TP /wd4018 /wd4065 /wd4996 /errorReport:prompt ..\..\lib\SRC\VideoQuickTime\videoQuickTime.c ..\..\lib\SRC\VideoWinMF\videoWinMF.cpp
         videoQuickTime.c
     1>..\..\lib\SRC\VideoQuickTime\videoQuickTime.c : warning C4819: The file contains a character that cannot be represented in the current code page (936). Save the file in Unicode format to prevent data loss
         videoWinMF.cpp
         Generating Code...
         C:\Program Files (x86)\Microsoft Visual Studio 12.0\VC\bin\x86_amd64\CL.exe /c /IC:\Users\cms\Desktop\ARToolKit5\VisualStudio\vs120\..\..\include /I"C:\Users\cms\Desktop\ARToolKit5\VisualStudio\vs120\..\..\include\win64-x64" /IC:\Users\cms\Desktop\ARToolKit5\VisualStudio\vs120\..\..\lib\SRC\VideoWinDSVL /IC:\Users\cms\Desktop\ARToolKit5\VisualStudio\vs120\..\..\lib\SRC\VideoWinDS /IC:\Users\cms\Desktop\ARToolKit5\VisualStudio\vs120\..\..\DSVL\src /Iinclude /I"C:\Program Files\Point Grey Research\FlyCapture2\include\FC1" /I"C:\Program Files\Point Grey Research\PGR FlyCapture\include" /nologo /W3 /WX- /O2 /D WIN32 /D NDEBUG /D _DLL /D LIBARVIDEO_EXPORTS /D _CRT_SECURE_NO_DEPRECATE /D _WINDLL /D _MBCS /Gm- /EHsc /MD /GS /fp:precise /Zc:wchar_t /Zc:forScope /Fo"x64\Release\ARvideo\\" /Fd"x64\Release\ARvideo\vc120.pdb" /Gd /TC /wd4018 /wd4065 /wd4996 /errorReport:prompt ..\..\lib\SRC\VideoQuickTime\videoQuickTimeMovie.c
         videoQuickTimeMovie.c
       Link:
         C:\Program Files (x86)\Microsoft Visual Studio 12.0\VC\bin\x86_amd64\link.exe /ERRORREPORT:PROMPT /OUT:"C:\Users\cms\Desktop\ARToolKit5\VisualStudio\vs120\..\..\bin64\ARvideo.dll" /NOLOGO /LIBPATH:C:\Users\cms\Desktop\ARToolKit5\VisualStudio\vs120\..\..\lib /LIBPATH:"C:\Users\cms\Desktop\ARToolKit5\VisualStudio\vs120\..\..\lib\win64-x64" /LIBPATH:C:\Users\cms\Desktop\ARToolKit5\VisualStudio\vs120\..\..\DSVL\lib64 /LIBPATH:lib /LIBPATH:"C:\Program Files\Point Grey Research\FlyCapture2\lib\FC1" /LIBPATH:"C:\Program Files\Point Grey Research\PGR FlyCapture\lib" AR.lib libjpeg.lib kernel32.lib user32.lib gdi32.lib winspool.lib comdlg32.lib advapi32.lib shell32.lib ole32.lib oleaut32.lib uuid.lib odbc32.lib odbccp32.lib /NODEFAULTLIB:LIBC /NODEFAULTLIB:LIBCD /NODEFAULTLIB:LIBCMT /NODEFAULTLIB:LIBCMTD /MANIFEST /MANIFESTUAC:"level='asInvoker' uiAccess='false'" /manifest:embed /PDB:"C:\Users\cms\Desktop\ARToolKit5\VisualStudio\vs120\..\..\bin64\ARvideo.pdb" /TLBID:1 /DYNAMICBASE:NO /IMPLIB:"C:\Users\cms\Desktop\ARToolKit5\VisualStudio\vs120\..\..\lib\win64-x64\ARvideo.lib" /MACHINE:X64 /DLL x64\Release\ARvideo\LogMediaType.obj
         x64\Release\ARvideo\videoWinMF.obj
         x64\Release\ARvideo\video.obj
         x64\Release\ARvideo\video2.obj
         x64\Release\ARvideo\videoDummy.obj
         x64\Release\ARvideo\videoImage.obj
         x64\Release\ARvideo\videoQuickTime.obj
         x64\Release\ARvideo\videoQuickTimeMovie.obj
         x64\Release\ARvideo\videoSaveImage.obj
         x64\Release\ARvideo\videoAspectRatio.obj
         x64\Release\ARvideo\videoWinDF.obj
         x64\Release\ARvideo\videoWinDS.obj
         x64\Release\ARvideo\videoWinDSVL.obj
         libjpeg.lib(jerror.obj) : MSIL .netmodule or module compiled with /GL found; restarting link with /LTCG; add /LTCG to the link command line to improve linker performance
            Creating library C:\Users\cms\Desktop\ARToolKit5\VisualStudio\vs120\..\..\lib\win64-x64\ARvideo.lib and object C:\Users\cms\Desktop\ARToolKit5\VisualStudio\vs120\..\..\lib\win64-x64\ARvideo.exp
         Generating code
         Finished generating code
         ARvideo.vcxproj -> C:\Users\cms\Desktop\ARToolKit5\VisualStudio\vs120\..\..\bin64\ARvideo.dll
     1>已完成生成项目“C:\Users\cms\Desktop\ARToolKit5\VisualStudio\vs120\ARvideo.vcxproj”(Build 个目标)的操作。

已成功生成。

已用时间 00:00:01.45
