c:\users\cms\desktop\artoolkit5\visualstudio\vs120\release\ar\arlabelingsubdbiyc.obj
c:\users\cms\desktop\artoolkit5\visualstudio\vs120\release\ar\arlabelingsubdbicy.obj
c:\users\cms\desktop\artoolkit5\visualstudio\vs120\release\ar\arlabelingsubdbic.obj
c:\users\cms\desktop\artoolkit5\visualstudio\vs120\release\ar\arlabelingsubdbia3c.obj
c:\users\cms\desktop\artoolkit5\visualstudio\vs120\release\ar\arlabelingsubdbi3ca5551.obj
c:\users\cms\desktop\artoolkit5\visualstudio\vs120\release\ar\arlabelingsubdbi3ca4444.obj
c:\users\cms\desktop\artoolkit5\visualstudio\vs120\release\ar\arlabelingsubdbi3ca.obj
c:\users\cms\desktop\artoolkit5\visualstudio\vs120\release\ar\arlabelingsubdbi3c565.obj
c:\users\cms\desktop\artoolkit5\visualstudio\vs120\release\ar\arlabelingsubdbi3c.obj
c:\users\cms\desktop\artoolkit5\visualstudio\vs120\release\ar\arlabeling.obj
c:\users\cms\desktop\artoolkit5\visualstudio\vs120\release\ar\argettransmatstereo.obj
c:\users\cms\desktop\artoolkit5\visualstudio\vs120\release\ar\argettransmat.obj
c:\users\cms\desktop\artoolkit5\visualstudio\vs120\release\ar\argetmarkerinfo.obj
c:\users\cms\desktop\artoolkit5\visualstudio\vs120\release\ar\argetline.obj
c:\users\cms\desktop\artoolkit5\visualstudio\vs120\release\ar\arfiltertransmat.obj
c:\users\cms\desktop\artoolkit5\visualstudio\vs120\release\ar\ardetectmarker2.obj
c:\users\cms\desktop\artoolkit5\visualstudio\vs120\release\ar\ardetectmarker.obj
c:\users\cms\desktop\artoolkit5\visualstudio\vs120\release\ar\arcreatehandle.obj
c:\users\cms\desktop\artoolkit5\visualstudio\vs120\release\ar\ar3dutil.obj
c:\users\cms\desktop\artoolkit5\visualstudio\vs120\release\ar\ar3dcreatehandle.obj
c:\users\cms\desktop\artoolkit5\visualstudio\vs120\release\ar\arlabelingsubdwr3c.obj
c:\users\cms\desktop\artoolkit5\visualstudio\vs120\release\ar\arlabelingsubdwiyc.obj
c:\users\cms\desktop\artoolkit5\visualstudio\vs120\release\ar\arlabelingsubdwicy.obj
c:\users\cms\desktop\artoolkit5\visualstudio\vs120\release\ar\arlabelingsubdwic.obj
c:\users\cms\desktop\artoolkit5\visualstudio\vs120\release\ar\arlabelingsubdwia3c.obj
c:\users\cms\desktop\artoolkit5\visualstudio\vs120\release\ar\arlabelingsubdwi3ca5551.obj
c:\users\cms\desktop\artoolkit5\visualstudio\vs120\release\ar\arlabelingsubdwi3ca4444.obj
c:\users\cms\desktop\artoolkit5\visualstudio\vs120\release\ar\arlabelingsubdwi3ca.obj
c:\users\cms\desktop\artoolkit5\visualstudio\vs120\release\ar\arlabelingsubdwi3c565.obj
c:\users\cms\desktop\artoolkit5\visualstudio\vs120\release\ar\arlabelingsubdwi3c.obj
c:\users\cms\desktop\artoolkit5\visualstudio\vs120\release\ar\arlabelingsubdbz.obj
c:\users\cms\desktop\artoolkit5\visualstudio\vs120\release\ar\arlabelingsubdbryc.obj
c:\users\cms\desktop\artoolkit5\visualstudio\vs120\release\ar\arlabelingsubdbrcy.obj
c:\users\cms\desktop\artoolkit5\visualstudio\vs120\release\ar\arlabelingsubdbrc.obj
c:\users\cms\desktop\artoolkit5\visualstudio\vs120\release\ar\arlabelingsubdbra3c.obj
c:\users\cms\desktop\artoolkit5\visualstudio\vs120\release\ar\arlabelingsubdbr3ca5551.obj
c:\users\cms\desktop\artoolkit5\visualstudio\vs120\release\ar\arlabelingsubdbr3ca4444.obj
c:\users\cms\desktop\artoolkit5\visualstudio\vs120\release\ar\arlabelingsubdbr3ca.obj
c:\users\cms\desktop\artoolkit5\visualstudio\vs120\release\ar\arlabelingsubdbr3c565.obj
c:\users\cms\desktop\artoolkit5\visualstudio\vs120\release\ar\arlabelingsubdbr3c.obj
c:\users\cms\desktop\artoolkit5\visualstudio\vs120\release\ar\arlabelingsubebr3c565.obj
c:\users\cms\desktop\artoolkit5\visualstudio\vs120\release\ar\arlabelingsubebr3c.obj
c:\users\cms\desktop\artoolkit5\visualstudio\vs120\release\ar\arlabelingsubebiyc.obj
c:\users\cms\desktop\artoolkit5\visualstudio\vs120\release\ar\arlabelingsubebicy.obj
c:\users\cms\desktop\artoolkit5\visualstudio\vs120\release\ar\arlabelingsubebic.obj
c:\users\cms\desktop\artoolkit5\visualstudio\vs120\release\ar\arlabelingsubebia3c.obj
c:\users\cms\desktop\artoolkit5\visualstudio\vs120\release\ar\arlabelingsubebi3ca5551.obj
c:\users\cms\desktop\artoolkit5\visualstudio\vs120\release\ar\arlabelingsubebi3ca4444.obj
c:\users\cms\desktop\artoolkit5\visualstudio\vs120\release\ar\arlabelingsubebi3ca.obj
c:\users\cms\desktop\artoolkit5\visualstudio\vs120\release\ar\arlabelingsubebi3c565.obj
c:\users\cms\desktop\artoolkit5\visualstudio\vs120\release\ar\arlabelingsubebi3c.obj
c:\users\cms\desktop\artoolkit5\visualstudio\vs120\release\ar\arlabelingsubdwz.obj
c:\users\cms\desktop\artoolkit5\visualstudio\vs120\release\ar\arlabelingsubdwryc.obj
c:\users\cms\desktop\artoolkit5\visualstudio\vs120\release\ar\arlabelingsubdwrcy.obj
c:\users\cms\desktop\artoolkit5\visualstudio\vs120\release\ar\arlabelingsubdwrc.obj
c:\users\cms\desktop\artoolkit5\visualstudio\vs120\release\ar\arlabelingsubdwra3c.obj
c:\users\cms\desktop\artoolkit5\visualstudio\vs120\release\ar\arlabelingsubdwr3ca5551.obj
c:\users\cms\desktop\artoolkit5\visualstudio\vs120\release\ar\arlabelingsubdwr3ca4444.obj
c:\users\cms\desktop\artoolkit5\visualstudio\vs120\release\ar\arlabelingsubdwr3ca.obj
c:\users\cms\desktop\artoolkit5\visualstudio\vs120\release\ar\arlabelingsubdwr3c565.obj
c:\users\cms\desktop\artoolkit5\visualstudio\vs120\release\ar\arlabelingsubewr3ca.obj
c:\users\cms\desktop\artoolkit5\visualstudio\vs120\release\ar\arlabelingsubewr3c565.obj
c:\users\cms\desktop\artoolkit5\visualstudio\vs120\release\ar\arlabelingsubewr3c.obj
c:\users\cms\desktop\artoolkit5\visualstudio\vs120\release\ar\arlabelingsubewiyc.obj
c:\users\cms\desktop\artoolkit5\visualstudio\vs120\release\ar\arlabelingsubewicy.obj
c:\users\cms\desktop\artoolkit5\visualstudio\vs120\release\ar\arlabelingsubewic.obj
c:\users\cms\desktop\artoolkit5\visualstudio\vs120\release\ar\arlabelingsubewia3c.obj
c:\users\cms\desktop\artoolkit5\visualstudio\vs120\release\ar\arlabelingsubewi3ca5551.obj
c:\users\cms\desktop\artoolkit5\visualstudio\vs120\release\ar\arlabelingsubewi3ca4444.obj
c:\users\cms\desktop\artoolkit5\visualstudio\vs120\release\ar\arlabelingsubewi3ca.obj
c:\users\cms\desktop\artoolkit5\visualstudio\vs120\release\ar\arlabelingsubewi3c565.obj
c:\users\cms\desktop\artoolkit5\visualstudio\vs120\release\ar\arlabelingsubewi3c.obj
c:\users\cms\desktop\artoolkit5\visualstudio\vs120\release\ar\arlabelingsubebz.obj
c:\users\cms\desktop\artoolkit5\visualstudio\vs120\release\ar\arlabelingsubebryc.obj
c:\users\cms\desktop\artoolkit5\visualstudio\vs120\release\ar\arlabelingsubebrcy.obj
c:\users\cms\desktop\artoolkit5\visualstudio\vs120\release\ar\arlabelingsubebrc.obj
c:\users\cms\desktop\artoolkit5\visualstudio\vs120\release\ar\arlabelingsubebra3c.obj
c:\users\cms\desktop\artoolkit5\visualstudio\vs120\release\ar\arlabelingsubebr3ca5551.obj
c:\users\cms\desktop\artoolkit5\visualstudio\vs120\release\ar\arlabelingsubebr3ca4444.obj
c:\users\cms\desktop\artoolkit5\visualstudio\vs120\release\ar\arlabelingsubebr3ca.obj
c:\users\cms\desktop\artoolkit5\visualstudio\vs120\release\ar\mdet.obj
c:\users\cms\desktop\artoolkit5\visualstudio\vs120\release\ar\mallocunit.obj
c:\users\cms\desktop\artoolkit5\visualstudio\vs120\release\ar\malloctrans.obj
c:\users\cms\desktop\artoolkit5\visualstudio\vs120\release\ar\mallocmul.obj
c:\users\cms\desktop\artoolkit5\visualstudio\vs120\release\ar\mallocinv.obj
c:\users\cms\desktop\artoolkit5\visualstudio\vs120\release\ar\mallocdup.obj
c:\users\cms\desktop\artoolkit5\visualstudio\vs120\release\ar\malloc.obj
c:\users\cms\desktop\artoolkit5\visualstudio\vs120\release\ar\arutil.obj
c:\users\cms\desktop\artoolkit5\visualstudio\vs120\release\ar\arpattsave.obj
c:\users\cms\desktop\artoolkit5\visualstudio\vs120\release\ar\arpattload.obj
c:\users\cms\desktop\artoolkit5\visualstudio\vs120\release\ar\arpattgetid.obj
c:\users\cms\desktop\artoolkit5\visualstudio\vs120\release\ar\arpattcreatehandle.obj
c:\users\cms\desktop\artoolkit5\visualstudio\vs120\release\ar\arpattattach.obj
c:\users\cms\desktop\artoolkit5\visualstudio\vs120\release\ar\arlabelingsubewz.obj
c:\users\cms\desktop\artoolkit5\visualstudio\vs120\release\ar\arlabelingsubewryc.obj
c:\users\cms\desktop\artoolkit5\visualstudio\vs120\release\ar\arlabelingsubewrcy.obj
c:\users\cms\desktop\artoolkit5\visualstudio\vs120\release\ar\arlabelingsubewrc.obj
c:\users\cms\desktop\artoolkit5\visualstudio\vs120\release\ar\arlabelingsubewra3c.obj
c:\users\cms\desktop\artoolkit5\visualstudio\vs120\release\ar\arlabelingsubewr3ca5551.obj
c:\users\cms\desktop\artoolkit5\visualstudio\vs120\release\ar\arlabelingsubewr3ca4444.obj
c:\users\cms\desktop\artoolkit5\visualstudio\vs120\release\ar\vfree.obj
c:\users\cms\desktop\artoolkit5\visualstudio\vs120\release\ar\vdisp.obj
c:\users\cms\desktop\artoolkit5\visualstudio\vs120\release\ar\valloc.obj
c:\users\cms\desktop\artoolkit5\visualstudio\vs120\release\ar\paramlt.obj
c:\users\cms\desktop\artoolkit5\visualstudio\vs120\release\ar\paramgetperspective.obj
c:\users\cms\desktop\artoolkit5\visualstudio\vs120\release\ar\paramfile.obj
c:\users\cms\desktop\artoolkit5\visualstudio\vs120\release\ar\paramdistortion.obj
c:\users\cms\desktop\artoolkit5\visualstudio\vs120\release\ar\paramdisp.obj
c:\users\cms\desktop\artoolkit5\visualstudio\vs120\release\ar\paramdecomp.obj
c:\users\cms\desktop\artoolkit5\visualstudio\vs120\release\ar\paramclear.obj
c:\users\cms\desktop\artoolkit5\visualstudio\vs120\release\ar\paramchangesize.obj
c:\users\cms\desktop\artoolkit5\visualstudio\vs120\release\ar\munit.obj
c:\users\cms\desktop\artoolkit5\visualstudio\vs120\release\ar\mtrans.obj
c:\users\cms\desktop\artoolkit5\visualstudio\vs120\release\ar\mselfinv.obj
c:\users\cms\desktop\artoolkit5\visualstudio\vs120\release\ar\mpca.obj
c:\users\cms\desktop\artoolkit5\visualstudio\vs120\release\ar\mmul.obj
c:\users\cms\desktop\artoolkit5\visualstudio\vs120\release\ar\minv.obj
c:\users\cms\desktop\artoolkit5\visualstudio\vs120\release\ar\mfree.obj
c:\users\cms\desktop\artoolkit5\visualstudio\vs120\release\ar\mdup.obj
c:\users\cms\desktop\artoolkit5\visualstudio\vs120\release\ar\mdisp.obj
c:\users\cms\desktop\artoolkit5\visualstudio\vs120\release\ar\vtridiag.obj
c:\users\cms\desktop\artoolkit5\visualstudio\vs120\release\ar\vinnerp.obj
c:\users\cms\desktop\artoolkit5\visualstudio\vs120\release\ar\vhouse.obj
c:\users\cms\desktop\artoolkit5\visualstudio\vs120\release\ar\arimageproc.obj
c:\users\cms\desktop\artoolkit5\lib\win32-i386\ar.lib
c:\users\cms\desktop\artoolkit5\visualstudio\vs120\..\..\lib\win32-i386\ar.lib
c:\users\cms\desktop\artoolkit5\visualstudio\vs120\release\ar\ar.tlog\cl.command.1.tlog
c:\users\cms\desktop\artoolkit5\visualstudio\vs120\release\ar\ar.tlog\cl.read.1.tlog
c:\users\cms\desktop\artoolkit5\visualstudio\vs120\release\ar\ar.tlog\cl.write.1.tlog
c:\users\cms\desktop\artoolkit5\visualstudio\vs120\release\ar\ar.tlog\lib-link.read.1.tlog
c:\users\cms\desktop\artoolkit5\visualstudio\vs120\release\ar\ar.tlog\lib-link.write.1.tlog
c:\users\cms\desktop\artoolkit5\visualstudio\vs120\release\ar\ar.tlog\lib.command.1.tlog
