生成启动时间为 2016/9/19 10:03:44。
     1>项目“C:\Users\cms\Desktop\ARToolKit5\VisualStudio\vs120\AR.vcxproj”在节点 2 上(Rebuild 个目标)。
     1>ClCompile:
         C:\Program Files (x86)\Microsoft Visual Studio 12.0\VC\bin\CL.exe /c /I"C:\Users\cms\Desktop\ARToolKit5\VisualStudio\vs120\..\..\include\win32-i386" /IC:\Users\cms\Desktop\ARToolKit5\VisualStudio\vs120\..\..\include /nologo /W3 /WX- /O2 /Oy- /D WIN32 /D NDEBUG /D _LIB /D _CRT_SECURE_NO_DEPRECATE /D _VC80_UPGRADE=0x0710 /D _MBCS /Gm- /EHsc /MD /GS /fp:precise /Zc:wchar_t /Zc:forScope /Fo"Release\AR\\" /Fd"Release\AR\vc120.pdb" /Gd /TC /wd4996 /wd4018 /analyze- /errorReport:prompt ..\..\lib\SRC\AR\ar3DCreateHandle.c ..\..\lib\SRC\AR\ar3DUtil.c ..\..\lib\SRC\AR\arCreateHandle.c ..\..\lib\SRC\AR\arDetectMarker.c ..\..\lib\SRC\AR\arDetectMarker2.c ..\..\lib\SRC\AR\arFilterTransMat.c ..\..\lib\SRC\AR\arGetLine.c ..\..\lib\SRC\AR\arGetMarkerInfo.c ..\..\lib\SRC\AR\arGetTransMat.c ..\..\lib\SRC\AR\arGetTransMatStereo.c ..\..\lib\SRC\AR\arLabeling.c ..\..\lib\SRC\AR\arLabelingSub\arLabelingSubDBI3C.c ..\..\lib\SRC\AR\arLabelingSub\arLabelingSubDBI3C565.c ..\..\lib\SRC\AR\arLabelingSub\arLabelingSubDBI3CA.c ..\..\lib\SRC\AR\arLabelingSub\arLabelingSubDBI3CA4444.c ..\..\lib\SRC\AR\arLabelingSub\arLabelingSubDBI3CA5551.c ..\..\lib\SRC\AR\arLabelingSub\arLabelingSubDBIA3C.c ..\..\lib\SRC\AR\arLabelingSub\arLabelingSubDBIC.c ..\..\lib\SRC\AR\arLabelingSub\arLabelingSubDBICY.c ..\..\lib\SRC\AR\arLabelingSub\arLabelingSubDBIYC.c ..\..\lib\SRC\AR\arLabelingSub\arLabelingSubDBR3C.c ..\..\lib\SRC\AR\arLabelingSub\arLabelingSubDBR3C565.c ..\..\lib\SRC\AR\arLabelingSub\arLabelingSubDBR3CA.c ..\..\lib\SRC\AR\arLabelingSub\arLabelingSubDBR3CA4444.c ..\..\lib\SRC\AR\arLabelingSub\arLabelingSubDBR3CA5551.c ..\..\lib\SRC\AR\arLabelingSub\arLabelingSubDBRA3C.c ..\..\lib\SRC\AR\arLabelingSub\arLabelingSubDBRC.c ..\..\lib\SRC\AR\arLabelingSub\arLabelingSubDBRCY.c ..\..\lib\SRC\AR\arLabelingSub\arLabelingSubDBRYC.c ..\..\lib\SRC\AR\arLabelingSub\arLabelingSubDBZ.c ..\..\lib\SRC\AR\arLabelingSub\arLabelingSubDWI3C.c ..\..\lib\SRC\AR\arLabelingSub\arLabelingSubDWI3C565.c ..\..\lib\SRC\AR\arLabelingSub\arLabelingSubDWI3CA.c ..\..\lib\SRC\AR\arLabelingSub\arLabelingSubDWI3CA4444.c ..\..\lib\SRC\AR\arLabelingSub\arLabelingSubDWI3CA5551.c ..\..\lib\SRC\AR\arLabelingSub\arLabelingSubDWIA3C.c ..\..\lib\SRC\AR\arLabelingSub\arLabelingSubDWIC.c ..\..\lib\SRC\AR\arLabelingSub\arLabelingSubDWICY.c ..\..\lib\SRC\AR\arLabelingSub\arLabelingSubDWIYC.c ..\..\lib\SRC\AR\arLabelingSub\arLabelingSubDWR3C.c ..\..\lib\SRC\AR\arLabelingSub\arLabelingSubDWR3C565.c ..\..\lib\SRC\AR\arLabelingSub\arLabelingSubDWR3CA.c ..\..\lib\SRC\AR\arLabelingSub\arLabelingSubDWR3CA4444.c ..\..\lib\SRC\AR\arLabelingSub\arLabelingSubDWR3CA5551.c ..\..\lib\SRC\AR\arLabelingSub\arLabelingSubDWRA3C.c ..\..\lib\SRC\AR\arLabelingSub\arLabelingSubDWRC.c ..\..\lib\SRC\AR\arLabelingSub\arLabelingSubDWRCY.c ..\..\lib\SRC\AR\arLabelingSub\arLabelingSubDWRYC.c ..\..\lib\SRC\AR\arLabelingSub\arLabelingSubDWZ.c ..\..\lib\SRC\AR\arLabelingSub\arLabelingSubEBI3C.c ..\..\lib\SRC\AR\arLabelingSub\arLabelingSubEBI3C565.c ..\..\lib\SRC\AR\arLabelingSub\arLabelingSubEBI3CA.c ..\..\lib\SRC\AR\arLabelingSub\arLabelingSubEBI3CA4444.c ..\..\lib\SRC\AR\arLabelingSub\arLabelingSubEBI3CA5551.c ..\..\lib\SRC\AR\arLabelingSub\arLabelingSubEBIA3C.c ..\..\lib\SRC\AR\arLabelingSub\arLabelingSubEBIC.c ..\..\lib\SRC\AR\arLabelingSub\arLabelingSubEBICY.c ..\..\lib\SRC\AR\arLabelingSub\arLabelingSubEBIYC.c ..\..\lib\SRC\AR\arLabelingSub\arLabelingSubEBR3C.c ..\..\lib\SRC\AR\arLabelingSub\arLabelingSubEBR3C565.c ..\..\lib\SRC\AR\arLabelingSub\arLabelingSubEBR3CA.c ..\..\lib\SRC\AR\arLabelingSub\arLabelingSubEBR3CA4444.c ..\..\lib\SRC\AR\arLabelingSub\arLabelingSubEBR3CA5551.c ..\..\lib\SRC\AR\arLabelingSub\arLabelingSubEBRA3C.c ..\..\lib\SRC\AR\arLabelingSub\arLabelingSubEBRC.c ..\..\lib\SRC\AR\arLabelingSub\arLabelingSubEBRCY.c ..\..\lib\SRC\AR\arLabelingSub\arLabelingSubEBRYC.c ..\..\lib\SRC\AR\arLabelingSub\arLabelingSubEBZ.c ..\..\lib\SRC\AR\arLabelingSub\arLabelingSubEWI3C.c ..\..\lib\SRC\AR\arLabelingSub\arLabelingSubEWI3C565.c ..\..\lib\SRC\AR\arLabelingSub\arLabelingSubEWI3CA.c ..\..\lib\SRC\AR\arLabelingSub\arLabelingSubEWI3CA4444.c ..\..\lib\SRC\AR\arLabelingSub\arLabelingSubEWI3CA5551.c ..\..\lib\SRC\AR\arLabelingSub\arLabelingSubEWIA3C.c ..\..\lib\SRC\AR\arLabelingSub\arLabelingSubEWIC.c ..\..\lib\SRC\AR\arLabelingSub\arLabelingSubEWICY.c ..\..\lib\SRC\AR\arLabelingSub\arLabelingSubEWIYC.c ..\..\lib\SRC\AR\arLabelingSub\arLabelingSubEWR3C.c ..\..\lib\SRC\AR\arLabelingSub\arLabelingSubEWR3C565.c ..\..\lib\SRC\AR\arLabelingSub\arLabelingSubEWR3CA.c ..\..\lib\SRC\AR\arLabelingSub\arLabelingSubEWR3CA4444.c ..\..\lib\SRC\AR\arLabelingSub\arLabelingSubEWR3CA5551.c ..\..\lib\SRC\AR\arLabelingSub\arLabelingSubEWRA3C.c ..\..\lib\SRC\AR\arLabelingSub\arLabelingSubEWRC.c ..\..\lib\SRC\AR\arLabelingSub\arLabelingSubEWRCY.c ..\..\lib\SRC\AR\arLabelingSub\arLabelingSubEWRYC.c ..\..\lib\SRC\AR\arLabelingSub\arLabelingSubEWZ.c ..\..\lib\SRC\AR\arPattAttach.c ..\..\lib\SRC\AR\arPattCreateHandle.c ..\..\lib\SRC\AR\arPattGetID.c ..\..\lib\SRC\AR\arPattLoad.c ..\..\lib\SRC\AR\arPattSave.c ..\..\lib\SRC\AR\arUtil.c ..\..\lib\SRC\AR\mAlloc.c ..\..\lib\SRC\AR\mAllocDup.c ..\..\lib\SRC\AR\mAllocInv.c ..\..\lib\SRC\AR\mAllocMul.c ..\..\lib\SRC\AR\mAllocTrans.c ..\..\lib\SRC\AR\mAllocUnit.c ..\..\lib\SRC\AR\mDet.c ..\..\lib\SRC\AR\mDisp.c ..\..\lib\SRC\AR\mDup.c ..\..\lib\SRC\AR\mFree.c ..\..\lib\SRC\AR\mInv.c ..\..\lib\SRC\AR\mMul.c ..\..\lib\SRC\AR\mPCA.c ..\..\lib\SRC\AR\mSelfInv.c ..\..\lib\SRC\AR\mTrans.c ..\..\lib\SRC\AR\mUnit.c ..\..\lib\SRC\AR\paramChangeSize.c ..\..\lib\SRC\AR\paramClear.c ..\..\lib\SRC\AR\paramDecomp.c ..\..\lib\SRC\AR\paramDisp.c ..\..\lib\SRC\AR\paramDistortion.c ..\..\lib\SRC\AR\paramFile.c ..\..\lib\SRC\AR\paramGetPerspective.c ..\..\lib\SRC\AR\paramLT.c ..\..\lib\SRC\AR\vAlloc.c ..\..\lib\SRC\AR\vDisp.c ..\..\lib\SRC\AR\vFree.c ..\..\lib\SRC\AR\vHouse.c ..\..\lib\SRC\AR\vInnerP.c ..\..\lib\SRC\AR\vTridiag.c
         ar3DCreateHandle.c
         ar3DUtil.c
         arCreateHandle.c
         arDetectMarker.c
         arDetectMarker2.c
         arFilterTransMat.c
         arGetLine.c
         arGetMarkerInfo.c
         arGetTransMat.c
         arGetTransMatStereo.c
         arLabeling.c
         arLabelingSubDBI3C.c
         arLabelingSubDBI3C565.c
         arLabelingSubDBI3CA.c
         arLabelingSubDBI3CA4444.c
         arLabelingSubDBI3CA5551.c
         arLabelingSubDBIA3C.c
         arLabelingSubDBIC.c
         arLabelingSubDBICY.c
         arLabelingSubDBIYC.c
         Generating Code...
         Compiling...
         arLabelingSubDBR3C.c
         arLabelingSubDBR3C565.c
         arLabelingSubDBR3CA.c
         arLabelingSubDBR3CA4444.c
         arLabelingSubDBR3CA5551.c
         arLabelingSubDBRA3C.c
         arLabelingSubDBRC.c
         arLabelingSubDBRCY.c
         arLabelingSubDBRYC.c
         arLabelingSubDBZ.c
         arLabelingSubDWI3C.c
         arLabelingSubDWI3C565.c
         arLabelingSubDWI3CA.c
         arLabelingSubDWI3CA4444.c
         arLabelingSubDWI3CA5551.c
         arLabelingSubDWIA3C.c
         arLabelingSubDWIC.c
         arLabelingSubDWICY.c
         arLabelingSubDWIYC.c
         arLabelingSubDWR3C.c
         Generating Code...
         Compiling...
         arLabelingSubDWR3C565.c
         arLabelingSubDWR3CA.c
         arLabelingSubDWR3CA4444.c
         arLabelingSubDWR3CA5551.c
         arLabelingSubDWRA3C.c
         arLabelingSubDWRC.c
         arLabelingSubDWRCY.c
         arLabelingSubDWRYC.c
         arLabelingSubDWZ.c
         arLabelingSubEBI3C.c
         arLabelingSubEBI3C565.c
         arLabelingSubEBI3CA.c
         arLabelingSubEBI3CA4444.c
         arLabelingSubEBI3CA5551.c
         arLabelingSubEBIA3C.c
         arLabelingSubEBIC.c
         arLabelingSubEBICY.c
         arLabelingSubEBIYC.c
         arLabelingSubEBR3C.c
         arLabelingSubEBR3C565.c
         Generating Code...
         Compiling...
         arLabelingSubEBR3CA.c
         arLabelingSubEBR3CA4444.c
         arLabelingSubEBR3CA5551.c
         arLabelingSubEBRA3C.c
         arLabelingSubEBRC.c
         arLabelingSubEBRCY.c
         arLabelingSubEBRYC.c
         arLabelingSubEBZ.c
         arLabelingSubEWI3C.c
         arLabelingSubEWI3C565.c
         arLabelingSubEWI3CA.c
         arLabelingSubEWI3CA4444.c
         arLabelingSubEWI3CA5551.c
         arLabelingSubEWIA3C.c
         arLabelingSubEWIC.c
         arLabelingSubEWICY.c
         arLabelingSubEWIYC.c
         arLabelingSubEWR3C.c
         arLabelingSubEWR3C565.c
         arLabelingSubEWR3CA.c
         Generating Code...
         Compiling...
         arLabelingSubEWR3CA4444.c
         arLabelingSubEWR3CA5551.c
         arLabelingSubEWRA3C.c
         arLabelingSubEWRC.c
         arLabelingSubEWRCY.c
         arLabelingSubEWRYC.c
         arLabelingSubEWZ.c
         arPattAttach.c
         arPattCreateHandle.c
         arPattGetID.c
         arPattLoad.c
         arPattSave.c
         arUtil.c
         mAlloc.c
         mAllocDup.c
         mAllocInv.c
         mAllocMul.c
         mAllocTrans.c
         mAllocUnit.c
         mDet.c
         Generating Code...
         Compiling...
         mDisp.c
         mDup.c
         mFree.c
         mInv.c
         mMul.c
         mPCA.c
         mSelfInv.c
         mTrans.c
         mUnit.c
         paramChangeSize.c
         paramClear.c
         paramDecomp.c
         paramDisp.c
         paramDistortion.c
         paramFile.c
         paramGetPerspective.c
         paramLT.c
         vAlloc.c
         vDisp.c
         vFree.c
         Generating Code...
         Compiling...
         vHouse.c
         vInnerP.c
         vTridiag.c
         Generating Code...
         C:\Program Files (x86)\Microsoft Visual Studio 12.0\VC\bin\CL.exe /c /I"C:\Users\cms\Desktop\ARToolKit5\VisualStudio\vs120\..\..\include\win32-i386" /IC:\Users\cms\Desktop\ARToolKit5\VisualStudio\vs120\..\..\include /nologo /W3 /WX- /O2 /Oy- /D WIN32 /D NDEBUG /D _LIB /D _CRT_SECURE_NO_DEPRECATE /D _VC80_UPGRADE=0x0710 /D _MBCS /Gm- /EHsc /MD /GS /fp:precise /Zc:wchar_t /Zc:forScope /Fo"Release\AR\\" /Fd"Release\AR\vc120.pdb" /Gd /TP /wd4996 /wd4018 /analyze- /errorReport:prompt ..\..\lib\SRC\AR\arImageProc.c
         arImageProc.c
       Lib:
         C:\Program Files (x86)\Microsoft Visual Studio 12.0\VC\bin\Lib.exe /OUT:"C:\Users\cms\Desktop\ARToolKit5\VisualStudio\vs120\..\..\lib\win32-i386\AR.lib" /NOLOGO Release\AR\ar3DCreateHandle.obj
         Release\AR\ar3DUtil.obj
         Release\AR\arCreateHandle.obj
         Release\AR\arDetectMarker.obj
         Release\AR\arDetectMarker2.obj
         Release\AR\arFilterTransMat.obj
         Release\AR\arGetLine.obj
         Release\AR\arGetMarkerInfo.obj
         Release\AR\arGetTransMat.obj
         Release\AR\arGetTransMatStereo.obj
         Release\AR\arImageProc.obj
         Release\AR\arLabeling.obj
         Release\AR\arLabelingSubDBI3C.obj
         Release\AR\arLabelingSubDBI3C565.obj
         Release\AR\arLabelingSubDBI3CA.obj
         Release\AR\arLabelingSubDBI3CA4444.obj
         Release\AR\arLabelingSubDBI3CA5551.obj
         Release\AR\arLabelingSubDBIA3C.obj
         Release\AR\arLabelingSubDBIC.obj
         Release\AR\arLabelingSubDBICY.obj
         Release\AR\arLabelingSubDBIYC.obj
         Release\AR\arLabelingSubDBR3C.obj
         Release\AR\arLabelingSubDBR3C565.obj
         Release\AR\arLabelingSubDBR3CA.obj
         Release\AR\arLabelingSubDBR3CA4444.obj
         Release\AR\arLabelingSubDBR3CA5551.obj
         Release\AR\arLabelingSubDBRA3C.obj
         Release\AR\arLabelingSubDBRC.obj
         Release\AR\arLabelingSubDBRCY.obj
         Release\AR\arLabelingSubDBRYC.obj
         Release\AR\arLabelingSubDBZ.obj
         Release\AR\arLabelingSubDWI3C.obj
         Release\AR\arLabelingSubDWI3C565.obj
         Release\AR\arLabelingSubDWI3CA.obj
         Release\AR\arLabelingSubDWI3CA4444.obj
         Release\AR\arLabelingSubDWI3CA5551.obj
         Release\AR\arLabelingSubDWIA3C.obj
         Release\AR\arLabelingSubDWIC.obj
         Release\AR\arLabelingSubDWICY.obj
         Release\AR\arLabelingSubDWIYC.obj
         Release\AR\arLabelingSubDWR3C.obj
         Release\AR\arLabelingSubDWR3C565.obj
         Release\AR\arLabelingSubDWR3CA.obj
         Release\AR\arLabelingSubDWR3CA4444.obj
         Release\AR\arLabelingSubDWR3CA5551.obj
         Release\AR\arLabelingSubDWRA3C.obj
         Release\AR\arLabelingSubDWRC.obj
         Release\AR\arLabelingSubDWRCY.obj
         Release\AR\arLabelingSubDWRYC.obj
         Release\AR\arLabelingSubDWZ.obj
         Release\AR\arLabelingSubEBI3C.obj
         Release\AR\arLabelingSubEBI3C565.obj
         Release\AR\arLabelingSubEBI3CA.obj
         Release\AR\arLabelingSubEBI3CA4444.obj
         Release\AR\arLabelingSubEBI3CA5551.obj
         Release\AR\arLabelingSubEBIA3C.obj
         Release\AR\arLabelingSubEBIC.obj
         Release\AR\arLabelingSubEBICY.obj
         Release\AR\arLabelingSubEBIYC.obj
         Release\AR\arLabelingSubEBR3C.obj
         Release\AR\arLabelingSubEBR3C565.obj
         Release\AR\arLabelingSubEBR3CA.obj
         Release\AR\arLabelingSubEBR3CA4444.obj
         Release\AR\arLabelingSubEBR3CA5551.obj
         Release\AR\arLabelingSubEBRA3C.obj
         Release\AR\arLabelingSubEBRC.obj
         Release\AR\arLabelingSubEBRCY.obj
         Release\AR\arLabelingSubEBRYC.obj
         Release\AR\arLabelingSubEBZ.obj
         Release\AR\arLabelingSubEWI3C.obj
         Release\AR\arLabelingSubEWI3C565.obj
         Release\AR\arLabelingSubEWI3CA.obj
         Release\AR\arLabelingSubEWI3CA4444.obj
         Release\AR\arLabelingSubEWI3CA5551.obj
         Release\AR\arLabelingSubEWIA3C.obj
         Release\AR\arLabelingSubEWIC.obj
         Release\AR\arLabelingSubEWICY.obj
         Release\AR\arLabelingSubEWIYC.obj
         Release\AR\arLabelingSubEWR3C.obj
         Release\AR\arLabelingSubEWR3C565.obj
         Release\AR\arLabelingSubEWR3CA.obj
         Release\AR\arLabelingSubEWR3CA4444.obj
         Release\AR\arLabelingSubEWR3CA5551.obj
         Release\AR\arLabelingSubEWRA3C.obj
         Release\AR\arLabelingSubEWRC.obj
         Release\AR\arLabelingSubEWRCY.obj
         Release\AR\arLabelingSubEWRYC.obj
         Release\AR\arLabelingSubEWZ.obj
         Release\AR\arPattAttach.obj
         Release\AR\arPattCreateHandle.obj
         Release\AR\arPattGetID.obj
         Release\AR\arPattLoad.obj
         Release\AR\arPattSave.obj
         Release\AR\arUtil.obj
         Release\AR\mAlloc.obj
         Release\AR\mAllocDup.obj
         Release\AR\mAllocInv.obj
         Release\AR\mAllocMul.obj
         Release\AR\mAllocTrans.obj
         Release\AR\mAllocUnit.obj
         Release\AR\mDet.obj
         Release\AR\mDisp.obj
         Release\AR\mDup.obj
         Release\AR\mFree.obj
         Release\AR\mInv.obj
         Release\AR\mMul.obj
         Release\AR\mPCA.obj
         Release\AR\mSelfInv.obj
         Release\AR\mTrans.obj
         Release\AR\mUnit.obj
         Release\AR\paramChangeSize.obj
         Release\AR\paramClear.obj
         Release\AR\paramDecomp.obj
         Release\AR\paramDisp.obj
         Release\AR\paramDistortion.obj
         Release\AR\paramFile.obj
         Release\AR\paramGetPerspective.obj
         Release\AR\paramLT.obj
         Release\AR\vAlloc.obj
         Release\AR\vDisp.obj
         Release\AR\vFree.obj
         Release\AR\vHouse.obj
         Release\AR\vInnerP.obj
         Release\AR\vTridiag.obj
         AR.vcxproj -> C:\Users\cms\Desktop\ARToolKit5\VisualStudio\vs120\..\..\lib\win32-i386\AR.lib
     1>已完成生成项目“C:\Users\cms\Desktop\ARToolKit5\VisualStudio\vs120\AR.vcxproj”(Rebuild 个目标)的操作。

已成功生成。

已用时间 00:00:16.47
