生成启动时间为 2016/9/17 20:34:09。
     1>项目“C:\Users\cms\Desktop\ARToolKit5\VisualStudio\vs120\ARgsub.vcxproj”在节点 3 上(Build 个目标)。
     1>ClCompile:
         C:\Program Files (x86)\Microsoft Visual Studio 12.0\VC\bin\CL.exe /c /I"C:\Users\cms\Desktop\ARToolKit5\VisualStudio\vs120\..\..\include\win32-i386" /IC:\Users\cms\Desktop\ARToolKit5\VisualStudio\vs120\..\..\include /nologo /W3 /WX- /O2 /Oy- /D WIN32 /D NDEBUG /D _LIB /D _VC80_UPGRADE=0x0710 /D _MBCS /Gm- /EHsc /MD /GS /fp:precise /Zc:wchar_t /Zc:forScope /Fo"Release\ARgsub\\" /Fd"Release\ARgsub\vc120.pdb" /Gd /TC /analyze- /errorReport:prompt ..\..\lib\SRC\Gl\argBase.c ..\..\lib\SRC\Gl\argDraw.c ..\..\lib\SRC\Gl\argDrawImage.c ..\..\lib\SRC\Gl\argDrawMode.c ..\..\lib\SRC\Gl\argFunction.c ..\..\lib\SRC\Gl\argWindow.c ..\..\lib\SRC\Gl\gsubTest.c
         argBase.c
         argDraw.c
         argDrawImage.c
         argDrawMode.c
         argFunction.c
         argWindow.c
         gsubTest.c
         Generating Code...
       Lib:
         C:\Program Files (x86)\Microsoft Visual Studio 12.0\VC\bin\Lib.exe /OUT:"C:\Users\cms\Desktop\ARToolKit5\VisualStudio\vs120\..\..\lib\win32-i386\ARgsub.lib" /NOLOGO Release\ARgsub\argBase.obj
         Release\ARgsub\argDraw.obj
         Release\ARgsub\argDrawImage.obj
         Release\ARgsub\argDrawMode.obj
         Release\ARgsub\argFunction.obj
         Release\ARgsub\argWindow.obj
         Release\ARgsub\gsubTest.obj
         ARgsub.vcxproj -> C:\Users\cms\Desktop\ARToolKit5\VisualStudio\vs120\..\..\lib\win32-i386\ARgsub.lib
     1>已完成生成项目“C:\Users\cms\Desktop\ARToolKit5\VisualStudio\vs120\ARgsub.vcxproj”(Build 个目标)的操作。

已成功生成。

已用时间 00:00:03.16
