c:\users\cms\desktop\artoolkit5\visualstudio\vs120\debug\ar2\util.obj
c:\users\cms\desktop\artoolkit5\visualstudio\vs120\debug\ar2\tracking2d.obj
c:\users\cms\desktop\artoolkit5\visualstudio\vs120\debug\ar2\tracking.obj
c:\users\cms\desktop\artoolkit5\visualstudio\vs120\debug\ar2\template.obj
c:\users\cms\desktop\artoolkit5\visualstudio\vs120\debug\ar2\surface.obj
c:\users\cms\desktop\artoolkit5\visualstudio\vs120\debug\ar2\selecttemplate.obj
c:\users\cms\desktop\artoolkit5\visualstudio\vs120\debug\ar2\searchpoint.obj
c:\users\cms\desktop\artoolkit5\visualstudio\vs120\debug\ar2\matching2.obj
c:\users\cms\desktop\artoolkit5\visualstudio\vs120\debug\ar2\matching.obj
c:\users\cms\desktop\artoolkit5\visualstudio\vs120\debug\ar2\marker.obj
c:\users\cms\desktop\artoolkit5\visualstudio\vs120\debug\ar2\jpeg.obj
c:\users\cms\desktop\artoolkit5\visualstudio\vs120\debug\ar2\imageset.obj
c:\users\cms\desktop\artoolkit5\visualstudio\vs120\debug\ar2\handle.obj
c:\users\cms\desktop\artoolkit5\visualstudio\vs120\debug\ar2\featureset.obj
c:\users\cms\desktop\artoolkit5\visualstudio\vs120\debug\ar2\featuremap.obj
c:\users\cms\desktop\artoolkit5\visualstudio\vs120\debug\ar2\coord.obj
c:\users\cms\desktop\artoolkit5\lib\win32-i386\ar2d.lib
c:\users\cms\desktop\artoolkit5\visualstudio\vs120\..\..\lib\win32-i386\ar2d.lib
c:\users\cms\desktop\artoolkit5\visualstudio\vs120\debug\ar2\ar2.tlog\cl.command.1.tlog
c:\users\cms\desktop\artoolkit5\visualstudio\vs120\debug\ar2\ar2.tlog\cl.read.1.tlog
c:\users\cms\desktop\artoolkit5\visualstudio\vs120\debug\ar2\ar2.tlog\cl.write.1.tlog
c:\users\cms\desktop\artoolkit5\visualstudio\vs120\debug\ar2\ar2.tlog\lib-link.read.1.tlog
c:\users\cms\desktop\artoolkit5\visualstudio\vs120\debug\ar2\ar2.tlog\lib-link.write.1.tlog
c:\users\cms\desktop\artoolkit5\visualstudio\vs120\debug\ar2\ar2.tlog\lib.command.1.tlog
