Build started 2016/9/17 17:35:54.
     1>Project "C:\Users\cms\Desktop\ARToolKit5\VisualStudio\vs120\AR.vcxproj" on node 2 (Rebuild target(s)).
     1>ClCompile:
         C:\Program Files (x86)\Microsoft Visual Studio 12.0\VC\bin\CL.exe /c /I"C:\Users\cms\Desktop\ARToolKit5\VisualStudio\vs120\..\..\include\win32-i386" /IC:\Users\cms\Desktop\ARToolKit5\VisualStudio\vs120\..\..\include /Zi /nologo /W3 /WX- /Od /Oy- /D WIN32 /D _DEBUG /D _LIB /D _CRT_SECURE_NO_DEPRECATE /D _VC80_UPGRADE=0x0710 /D _MBCS /Gm /EHsc /RTC1 /MDd /GS /fp:precise /Zc:wchar_t /Zc:forScope /Fo"Debug\AR\\" /Fd"Debug\AR\vc120.pdb" /Gd /TC /wd4996 /wd4018 /analyze- /errorReport:prompt ..\..\lib\SRC\AR\ar3DCreateHandle.c ..\..\lib\SRC\AR\ar3DUtil.c ..\..\lib\SRC\AR\arCreateHandle.c ..\..\lib\SRC\AR\arDetectMarker.c ..\..\lib\SRC\AR\arDetectMarker2.c ..\..\lib\SRC\AR\arFilterTransMat.c ..\..\lib\SRC\AR\arGetLine.c ..\..\lib\SRC\AR\arGetMarkerInfo.c ..\..\lib\SRC\AR\arGetTransMat.c ..\..\lib\SRC\AR\arGetTransMatStereo.c ..\..\lib\SRC\AR\arLabeling.c ..\..\lib\SRC\AR\arLabelingSub\arLabelingSubDBI3C.c ..\..\lib\SRC\AR\arLabelingSub\arLabelingSubDBI3C565.c ..\..\lib\SRC\AR\arLabelingSub\arLabelingSubDBI3CA.c ..\..\lib\SRC\AR\arLabelingSub\arLabelingSubDBI3CA4444.c ..\..\lib\SRC\AR\arLabelingSub\arLabelingSubDBI3CA5551.c ..\..\lib\SRC\AR\arLabelingSub\arLabelingSubDBIA3C.c ..\..\lib\SRC\AR\arLabelingSub\arLabelingSubDBIC.c ..\..\lib\SRC\AR\arLabelingSub\arLabelingSubDBICY.c ..\..\lib\SRC\AR\arLabelingSub\arLabelingSubDBIYC.c ..\..\lib\SRC\AR\arLabelingSub\arLabelingSubDBR3C.c ..\..\lib\SRC\AR\arLabelingSub\arLabelingSubDBR3C565.c ..\..\lib\SRC\AR\arLabelingSub\arLabelingSubDBR3CA.c ..\..\lib\SRC\AR\arLabelingSub\arLabelingSubDBR3CA4444.c ..\..\lib\SRC\AR\arLabelingSub\arLabelingSubDBR3CA5551.c ..\..\lib\SRC\AR\arLabelingSub\arLabelingSubDBRA3C.c ..\..\lib\SRC\AR\arLabelingSub\arLabelingSubDBRC.c ..\..\lib\SRC\AR\arLabelingSub\arLabelingSubDBRCY.c ..\..\lib\SRC\AR\arLabelingSub\arLabelingSubDBRYC.c ..\..\lib\SRC\AR\arLabelingSub\arLabelingSubDBZ.c ..\..\lib\SRC\AR\arLabelingSub\arLabelingSubDWI3C.c ..\..\lib\SRC\AR\arLabelingSub\arLabelingSubDWI3C565.c ..\..\lib\SRC\AR\arLabelingSub\arLabelingSubDWI3CA.c ..\..\lib\SRC\AR\arLabelingSub\arLabelingSubDWI3CA4444.c ..\..\lib\SRC\AR\arLabelingSub\arLabelingSubDWI3CA5551.c ..\..\lib\SRC\AR\arLabelingSub\arLabelingSubDWIA3C.c ..\..\lib\SRC\AR\arLabelingSub\arLabelingSubDWIC.c ..\..\lib\SRC\AR\arLabelingSub\arLabelingSubDWICY.c ..\..\lib\SRC\AR\arLabelingSub\arLabelingSubDWIYC.c ..\..\lib\SRC\AR\arLabelingSub\arLabelingSubDWR3C.c ..\..\lib\SRC\AR\arLabelingSub\arLabelingSubDWR3C565.c ..\..\lib\SRC\AR\arLabelingSub\arLabelingSubDWR3CA.c ..\..\lib\SRC\AR\arLabelingSub\arLabelingSubDWR3CA4444.c ..\..\lib\SRC\AR\arLabelingSub\arLabelingSubDWR3CA5551.c ..\..\lib\SRC\AR\arLabelingSub\arLabelingSubDWRA3C.c ..\..\lib\SRC\AR\arLabelingSub\arLabelingSubDWRC.c ..\..\lib\SRC\AR\arLabelingSub\arLabelingSubDWRCY.c ..\..\lib\SRC\AR\arLabelingSub\arLabelingSubDWRYC.c ..\..\lib\SRC\AR\arLabelingSub\arLabelingSubDWZ.c ..\..\lib\SRC\AR\arLabelingSub\arLabelingSubEBI3C.c ..\..\lib\SRC\AR\arLabelingSub\arLabelingSubEBI3C565.c ..\..\lib\SRC\AR\arLabelingSub\arLabelingSubEBI3CA.c ..\..\lib\SRC\AR\arLabelingSub\arLabelingSubEBI3CA4444.c ..\..\lib\SRC\AR\arLabelingSub\arLabelingSubEBI3CA5551.c ..\..\lib\SRC\AR\arLabelingSub\arLabelingSubEBIA3C.c ..\..\lib\SRC\AR\arLabelingSub\arLabelingSubEBIC.c ..\..\lib\SRC\AR\arLabelingSub\arLabelingSubEBICY.c ..\..\lib\SRC\AR\arLabelingSub\arLabelingSubEBIYC.c ..\..\lib\SRC\AR\arLabelingSub\arLabelingSubEBR3C.c ..\..\lib\SRC\AR\arLabelingSub\arLabelingSubEBR3C565.c ..\..\lib\SRC\AR\arLabelingSub\arLabelingSubEBR3CA.c ..\..\lib\SRC\AR\arLabelingSub\arLabelingSubEBR3CA4444.c ..\..\lib\SRC\AR\arLabelingSub\arLabelingSubEBR3CA5551.c ..\..\lib\SRC\AR\arLabelingSub\arLabelingSubEBRA3C.c ..\..\lib\SRC\AR\arLabelingSub\arLabelingSubEBRC.c ..\..\lib\SRC\AR\arLabelingSub\arLabelingSubEBRCY.c ..\..\lib\SRC\AR\arLabelingSub\arLabelingSubEBRYC.c ..\..\lib\SRC\AR\arLabelingSub\arLabelingSubEBZ.c ..\..\lib\SRC\AR\arLabelingSub\arLabelingSubEWI3C.c ..\..\lib\SRC\AR\arLabelingSub\arLabelingSubEWI3C565.c ..\..\lib\SRC\AR\arLabelingSub\arLabelingSubEWI3CA.c ..\..\lib\SRC\AR\arLabelingSub\arLabelingSubEWI3CA4444.c ..\..\lib\SRC\AR\arLabelingSub\arLabelingSubEWI3CA5551.c ..\..\lib\SRC\AR\arLabelingSub\arLabelingSubEWIA3C.c ..\..\lib\SRC\AR\arLabelingSub\arLabelingSubEWIC.c ..\..\lib\SRC\AR\arLabelingSub\arLabelingSubEWICY.c ..\..\lib\SRC\AR\arLabelingSub\arLabelingSubEWIYC.c ..\..\lib\SRC\AR\arLabelingSub\arLabelingSubEWR3C.c ..\..\lib\SRC\AR\arLabelingSub\arLabelingSubEWR3C565.c ..\..\lib\SRC\AR\arLabelingSub\arLabelingSubEWR3CA.c ..\..\lib\SRC\AR\arLabelingSub\arLabelingSubEWR3CA4444.c ..\..\lib\SRC\AR\arLabelingSub\arLabelingSubEWR3CA5551.c ..\..\lib\SRC\AR\arLabelingSub\arLabelingSubEWRA3C.c ..\..\lib\SRC\AR\arLabelingSub\arLabelingSubEWRC.c ..\..\lib\SRC\AR\arLabelingSub\arLabelingSubEWRCY.c ..\..\lib\SRC\AR\arLabelingSub\arLabelingSubEWRYC.c ..\..\lib\SRC\AR\arLabelingSub\arLabelingSubEWZ.c ..\..\lib\SRC\AR\arPattAttach.c ..\..\lib\SRC\AR\arPattCreateHandle.c ..\..\lib\SRC\AR\arPattGetID.c ..\..\lib\SRC\AR\arPattLoad.c ..\..\lib\SRC\AR\arPattSave.c ..\..\lib\SRC\AR\arUtil.c ..\..\lib\SRC\AR\mAlloc.c ..\..\lib\SRC\AR\mAllocDup.c ..\..\lib\SRC\AR\mAllocInv.c ..\..\lib\SRC\AR\mAllocMul.c ..\..\lib\SRC\AR\mAllocTrans.c ..\..\lib\SRC\AR\mAllocUnit.c ..\..\lib\SRC\AR\mDet.c ..\..\lib\SRC\AR\mDisp.c ..\..\lib\SRC\AR\mDup.c ..\..\lib\SRC\AR\mFree.c ..\..\lib\SRC\AR\mInv.c ..\..\lib\SRC\AR\mMul.c ..\..\lib\SRC\AR\mPCA.c ..\..\lib\SRC\AR\mSelfInv.c ..\..\lib\SRC\AR\mTrans.c ..\..\lib\SRC\AR\mUnit.c ..\..\lib\SRC\AR\paramChangeSize.c ..\..\lib\SRC\AR\paramClear.c ..\..\lib\SRC\AR\paramDecomp.c ..\..\lib\SRC\AR\paramDisp.c ..\..\lib\SRC\AR\paramDistortion.c ..\..\lib\SRC\AR\paramFile.c ..\..\lib\SRC\AR\paramGetPerspective.c ..\..\lib\SRC\AR\paramLT.c ..\..\lib\SRC\AR\vAlloc.c ..\..\lib\SRC\AR\vDisp.c ..\..\lib\SRC\AR\vFree.c ..\..\lib\SRC\AR\vHouse.c ..\..\lib\SRC\AR\vInnerP.c ..\..\lib\SRC\AR\vTridiag.c
         vTridiag.c
         vInnerP.c
         vHouse.c
         vFree.c
         vDisp.c
         vAlloc.c
         paramLT.c
         paramGetPerspective.c
         paramFile.c
         paramDistortion.c
         paramDisp.c
         paramDecomp.c
         paramClear.c
         paramChangeSize.c
         mUnit.c
         mTrans.c
         mSelfInv.c
         mPCA.c
         mMul.c
         mInv.c
         Generating Code...
         Compiling...
         mFree.c
         mDup.c
         mDisp.c
         mDet.c
         mAllocUnit.c
         mAllocTrans.c
         mAllocMul.c
         mAllocInv.c
         mAllocDup.c
         mAlloc.c
         arUtil.c
         arPattSave.c
         arPattLoad.c
         arPattGetID.c
         arPattCreateHandle.c
         arPattAttach.c
         arLabelingSubEWZ.c
         arLabelingSubEWRYC.c
         arLabelingSubEWRCY.c
         arLabelingSubEWRC.c
         Generating Code...
         Compiling...
         arLabelingSubEWRA3C.c
         arLabelingSubEWR3CA5551.c
         arLabelingSubEWR3CA4444.c
         arLabelingSubEWR3CA.c
         arLabelingSubEWR3C565.c
         arLabelingSubEWR3C.c
         arLabelingSubEWIYC.c
         arLabelingSubEWICY.c
         arLabelingSubEWIC.c
         arLabelingSubEWIA3C.c
         arLabelingSubEWI3CA5551.c
         arLabelingSubEWI3CA4444.c
         arLabelingSubEWI3CA.c
         arLabelingSubEWI3C565.c
         arLabelingSubEWI3C.c
         arLabelingSubEBZ.c
         arLabelingSubEBRYC.c
         arLabelingSubEBRCY.c
         arLabelingSubEBRC.c
         arLabelingSubEBRA3C.c
         Generating Code...
         Compiling...
         arLabelingSubEBR3CA5551.c
         arLabelingSubEBR3CA4444.c
         arLabelingSubEBR3CA.c
         arLabelingSubEBR3C565.c
         arLabelingSubEBR3C.c
         arLabelingSubEBIYC.c
         arLabelingSubEBICY.c
         arLabelingSubEBIC.c
         arLabelingSubEBIA3C.c
         arLabelingSubEBI3CA5551.c
         arLabelingSubEBI3CA4444.c
         arLabelingSubEBI3CA.c
         arLabelingSubEBI3C565.c
         arLabelingSubEBI3C.c
         arLabelingSubDWZ.c
         arLabelingSubDWRYC.c
         arLabelingSubDWRCY.c
         arLabelingSubDWRC.c
         arLabelingSubDWRA3C.c
         arLabelingSubDWR3CA5551.c
         Generating Code...
         Compiling...
         arLabelingSubDWR3CA4444.c
         arLabelingSubDWR3CA.c
         arLabelingSubDWR3C565.c
         arLabelingSubDWR3C.c
         arLabelingSubDWIYC.c
         arLabelingSubDWICY.c
         arLabelingSubDWIC.c
         arLabelingSubDWIA3C.c
         arLabelingSubDWI3CA5551.c
         arLabelingSubDWI3CA4444.c
         arLabelingSubDWI3CA.c
         arLabelingSubDWI3C565.c
         arLabelingSubDWI3C.c
         arLabelingSubDBZ.c
         arLabelingSubDBRYC.c
         arLabelingSubDBRCY.c
         arLabelingSubDBRC.c
         arLabelingSubDBRA3C.c
         arLabelingSubDBR3CA5551.c
         arLabelingSubDBR3CA4444.c
         Generating Code...
         Compiling...
         arLabelingSubDBR3CA.c
         arLabelingSubDBR3C565.c
         arLabelingSubDBR3C.c
         arLabelingSubDBIYC.c
         arLabelingSubDBICY.c
         arLabelingSubDBIC.c
         arLabelingSubDBIA3C.c
         arLabelingSubDBI3CA5551.c
         arLabelingSubDBI3CA4444.c
         arLabelingSubDBI3CA.c
         arLabelingSubDBI3C565.c
         arLabelingSubDBI3C.c
         arLabeling.c
         arGetTransMatStereo.c
         arGetTransMat.c
         arGetMarkerInfo.c
         arGetLine.c
         arFilterTransMat.c
         arDetectMarker2.c
         arDetectMarker.c
         Generating Code...
         Compiling...
         arCreateHandle.c
         ar3DUtil.c
         ar3DCreateHandle.c
         Generating Code...
         C:\Program Files (x86)\Microsoft Visual Studio 12.0\VC\bin\CL.exe /c /I"C:\Users\cms\Desktop\ARToolKit5\VisualStudio\vs120\..\..\include\win32-i386" /IC:\Users\cms\Desktop\ARToolKit5\VisualStudio\vs120\..\..\include /Zi /nologo /W3 /WX- /Od /Oy- /D WIN32 /D _DEBUG /D _LIB /D _CRT_SECURE_NO_DEPRECATE /D _VC80_UPGRADE=0x0710 /D _MBCS /Gm /EHsc /RTC1 /MDd /GS /fp:precise /Zc:wchar_t /Zc:forScope /Fo"Debug\AR\\" /Fd"Debug\AR\vc120.pdb" /Gd /TP /wd4996 /wd4018 /analyze- /errorReport:prompt ..\..\lib\SRC\AR\arImageProc.c
         arImageProc.c
       Lib:
         C:\Program Files (x86)\Microsoft Visual Studio 12.0\VC\bin\Lib.exe /OUT:"C:\Users\cms\Desktop\ARToolKit5\VisualStudio\vs120\..\..\lib\win32-i386\ARd.lib" /NOLOGO Debug\AR\ar3DCreateHandle.obj
         Debug\AR\ar3DUtil.obj
         Debug\AR\arCreateHandle.obj
         Debug\AR\arDetectMarker.obj
         Debug\AR\arDetectMarker2.obj
         Debug\AR\arFilterTransMat.obj
         Debug\AR\arGetLine.obj
         Debug\AR\arGetMarkerInfo.obj
         Debug\AR\arGetTransMat.obj
         Debug\AR\arGetTransMatStereo.obj
         Debug\AR\arImageProc.obj
         Debug\AR\arLabeling.obj
         Debug\AR\arLabelingSubDBI3C.obj
         Debug\AR\arLabelingSubDBI3C565.obj
         Debug\AR\arLabelingSubDBI3CA.obj
         Debug\AR\arLabelingSubDBI3CA4444.obj
         Debug\AR\arLabelingSubDBI3CA5551.obj
         Debug\AR\arLabelingSubDBIA3C.obj
         Debug\AR\arLabelingSubDBIC.obj
         Debug\AR\arLabelingSubDBICY.obj
         Debug\AR\arLabelingSubDBIYC.obj
         Debug\AR\arLabelingSubDBR3C.obj
         Debug\AR\arLabelingSubDBR3C565.obj
         Debug\AR\arLabelingSubDBR3CA.obj
         Debug\AR\arLabelingSubDBR3CA4444.obj
         Debug\AR\arLabelingSubDBR3CA5551.obj
         Debug\AR\arLabelingSubDBRA3C.obj
         Debug\AR\arLabelingSubDBRC.obj
         Debug\AR\arLabelingSubDBRCY.obj
         Debug\AR\arLabelingSubDBRYC.obj
         Debug\AR\arLabelingSubDBZ.obj
         Debug\AR\arLabelingSubDWI3C.obj
         Debug\AR\arLabelingSubDWI3C565.obj
         Debug\AR\arLabelingSubDWI3CA.obj
         Debug\AR\arLabelingSubDWI3CA4444.obj
         Debug\AR\arLabelingSubDWI3CA5551.obj
         Debug\AR\arLabelingSubDWIA3C.obj
         Debug\AR\arLabelingSubDWIC.obj
         Debug\AR\arLabelingSubDWICY.obj
         Debug\AR\arLabelingSubDWIYC.obj
         Debug\AR\arLabelingSubDWR3C.obj
         Debug\AR\arLabelingSubDWR3C565.obj
         Debug\AR\arLabelingSubDWR3CA.obj
         Debug\AR\arLabelingSubDWR3CA4444.obj
         Debug\AR\arLabelingSubDWR3CA5551.obj
         Debug\AR\arLabelingSubDWRA3C.obj
         Debug\AR\arLabelingSubDWRC.obj
         Debug\AR\arLabelingSubDWRCY.obj
         Debug\AR\arLabelingSubDWRYC.obj
         Debug\AR\arLabelingSubDWZ.obj
         Debug\AR\arLabelingSubEBI3C.obj
         Debug\AR\arLabelingSubEBI3C565.obj
         Debug\AR\arLabelingSubEBI3CA.obj
         Debug\AR\arLabelingSubEBI3CA4444.obj
         Debug\AR\arLabelingSubEBI3CA5551.obj
         Debug\AR\arLabelingSubEBIA3C.obj
         Debug\AR\arLabelingSubEBIC.obj
         Debug\AR\arLabelingSubEBICY.obj
         Debug\AR\arLabelingSubEBIYC.obj
         Debug\AR\arLabelingSubEBR3C.obj
         Debug\AR\arLabelingSubEBR3C565.obj
         Debug\AR\arLabelingSubEBR3CA.obj
         Debug\AR\arLabelingSubEBR3CA4444.obj
         Debug\AR\arLabelingSubEBR3CA5551.obj
         Debug\AR\arLabelingSubEBRA3C.obj
         Debug\AR\arLabelingSubEBRC.obj
         Debug\AR\arLabelingSubEBRCY.obj
         Debug\AR\arLabelingSubEBRYC.obj
         Debug\AR\arLabelingSubEBZ.obj
         Debug\AR\arLabelingSubEWI3C.obj
         Debug\AR\arLabelingSubEWI3C565.obj
         Debug\AR\arLabelingSubEWI3CA.obj
         Debug\AR\arLabelingSubEWI3CA4444.obj
         Debug\AR\arLabelingSubEWI3CA5551.obj
         Debug\AR\arLabelingSubEWIA3C.obj
         Debug\AR\arLabelingSubEWIC.obj
         Debug\AR\arLabelingSubEWICY.obj
         Debug\AR\arLabelingSubEWIYC.obj
         Debug\AR\arLabelingSubEWR3C.obj
         Debug\AR\arLabelingSubEWR3C565.obj
         Debug\AR\arLabelingSubEWR3CA.obj
         Debug\AR\arLabelingSubEWR3CA4444.obj
         Debug\AR\arLabelingSubEWR3CA5551.obj
         Debug\AR\arLabelingSubEWRA3C.obj
         Debug\AR\arLabelingSubEWRC.obj
         Debug\AR\arLabelingSubEWRCY.obj
         Debug\AR\arLabelingSubEWRYC.obj
         Debug\AR\arLabelingSubEWZ.obj
         Debug\AR\arPattAttach.obj
         Debug\AR\arPattCreateHandle.obj
         Debug\AR\arPattGetID.obj
         Debug\AR\arPattLoad.obj
         Debug\AR\arPattSave.obj
         Debug\AR\arUtil.obj
         Debug\AR\mAlloc.obj
         Debug\AR\mAllocDup.obj
         Debug\AR\mAllocInv.obj
         Debug\AR\mAllocMul.obj
         Debug\AR\mAllocTrans.obj
         Debug\AR\mAllocUnit.obj
         Debug\AR\mDet.obj
         Debug\AR\mDisp.obj
         Debug\AR\mDup.obj
         Debug\AR\mFree.obj
         Debug\AR\mInv.obj
         Debug\AR\mMul.obj
         Debug\AR\mPCA.obj
         Debug\AR\mSelfInv.obj
         Debug\AR\mTrans.obj
         Debug\AR\mUnit.obj
         Debug\AR\paramChangeSize.obj
         Debug\AR\paramClear.obj
         Debug\AR\paramDecomp.obj
         Debug\AR\paramDisp.obj
         Debug\AR\paramDistortion.obj
         Debug\AR\paramFile.obj
         Debug\AR\paramGetPerspective.obj
         Debug\AR\paramLT.obj
         Debug\AR\vAlloc.obj
         Debug\AR\vDisp.obj
         Debug\AR\vFree.obj
         Debug\AR\vHouse.obj
         Debug\AR\vInnerP.obj
         Debug\AR\vTridiag.obj
         AR.vcxproj -> C:\Users\cms\Desktop\ARToolKit5\VisualStudio\vs120\..\..\lib\win32-i386\ARd.lib
     1>Done Building Project "C:\Users\cms\Desktop\ARToolKit5\VisualStudio\vs120\AR.vcxproj" (Rebuild target(s)).

Build succeeded.

Time Elapsed 00:00:14.38
