c:\users\cms\desktop\artoolkit5\visualstudio\vs120\debug\ar\vc120.pdb
c:\users\cms\desktop\artoolkit5\visualstudio\vs120\debug\ar\vc120.idb
c:\users\cms\desktop\artoolkit5\visualstudio\vs120\debug\ar\minv.obj
c:\users\cms\desktop\artoolkit5\visualstudio\vs120\debug\ar\mmul.obj
c:\users\cms\desktop\artoolkit5\visualstudio\vs120\debug\ar\mpca.obj
c:\users\cms\desktop\artoolkit5\visualstudio\vs120\debug\ar\mselfinv.obj
c:\users\cms\desktop\artoolkit5\visualstudio\vs120\debug\ar\mtrans.obj
c:\users\cms\desktop\artoolkit5\visualstudio\vs120\debug\ar\munit.obj
c:\users\cms\desktop\artoolkit5\visualstudio\vs120\debug\ar\paramchangesize.obj
c:\users\cms\desktop\artoolkit5\visualstudio\vs120\debug\ar\paramclear.obj
c:\users\cms\desktop\artoolkit5\visualstudio\vs120\debug\ar\paramdecomp.obj
c:\users\cms\desktop\artoolkit5\visualstudio\vs120\debug\ar\paramdisp.obj
c:\users\cms\desktop\artoolkit5\visualstudio\vs120\debug\ar\paramdistortion.obj
c:\users\cms\desktop\artoolkit5\visualstudio\vs120\debug\ar\paramfile.obj
c:\users\cms\desktop\artoolkit5\visualstudio\vs120\debug\ar\paramgetperspective.obj
c:\users\cms\desktop\artoolkit5\visualstudio\vs120\debug\ar\paramlt.obj
c:\users\cms\desktop\artoolkit5\visualstudio\vs120\debug\ar\valloc.obj
c:\users\cms\desktop\artoolkit5\visualstudio\vs120\debug\ar\vdisp.obj
c:\users\cms\desktop\artoolkit5\visualstudio\vs120\debug\ar\vfree.obj
c:\users\cms\desktop\artoolkit5\visualstudio\vs120\debug\ar\vhouse.obj
c:\users\cms\desktop\artoolkit5\visualstudio\vs120\debug\ar\vinnerp.obj
c:\users\cms\desktop\artoolkit5\visualstudio\vs120\debug\ar\vtridiag.obj
c:\users\cms\desktop\artoolkit5\visualstudio\vs120\debug\ar\arlabelingsubewrc.obj
c:\users\cms\desktop\artoolkit5\visualstudio\vs120\debug\ar\arlabelingsubewrcy.obj
c:\users\cms\desktop\artoolkit5\visualstudio\vs120\debug\ar\arlabelingsubewryc.obj
c:\users\cms\desktop\artoolkit5\visualstudio\vs120\debug\ar\arlabelingsubewz.obj
c:\users\cms\desktop\artoolkit5\visualstudio\vs120\debug\ar\arpattattach.obj
c:\users\cms\desktop\artoolkit5\visualstudio\vs120\debug\ar\arpattcreatehandle.obj
c:\users\cms\desktop\artoolkit5\visualstudio\vs120\debug\ar\arpattgetid.obj
c:\users\cms\desktop\artoolkit5\visualstudio\vs120\debug\ar\arpattload.obj
c:\users\cms\desktop\artoolkit5\visualstudio\vs120\debug\ar\arpattsave.obj
c:\users\cms\desktop\artoolkit5\visualstudio\vs120\debug\ar\arutil.obj
c:\users\cms\desktop\artoolkit5\visualstudio\vs120\debug\ar\malloc.obj
c:\users\cms\desktop\artoolkit5\visualstudio\vs120\debug\ar\mallocdup.obj
c:\users\cms\desktop\artoolkit5\visualstudio\vs120\debug\ar\mallocinv.obj
c:\users\cms\desktop\artoolkit5\visualstudio\vs120\debug\ar\mallocmul.obj
c:\users\cms\desktop\artoolkit5\visualstudio\vs120\debug\ar\malloctrans.obj
c:\users\cms\desktop\artoolkit5\visualstudio\vs120\debug\ar\mallocunit.obj
c:\users\cms\desktop\artoolkit5\visualstudio\vs120\debug\ar\mdet.obj
c:\users\cms\desktop\artoolkit5\visualstudio\vs120\debug\ar\mdisp.obj
c:\users\cms\desktop\artoolkit5\visualstudio\vs120\debug\ar\mdup.obj
c:\users\cms\desktop\artoolkit5\visualstudio\vs120\debug\ar\mfree.obj
c:\users\cms\desktop\artoolkit5\visualstudio\vs120\debug\ar\arlabelingsubebra3c.obj
c:\users\cms\desktop\artoolkit5\visualstudio\vs120\debug\ar\arlabelingsubebrc.obj
c:\users\cms\desktop\artoolkit5\visualstudio\vs120\debug\ar\arlabelingsubebrcy.obj
c:\users\cms\desktop\artoolkit5\visualstudio\vs120\debug\ar\arlabelingsubebryc.obj
c:\users\cms\desktop\artoolkit5\visualstudio\vs120\debug\ar\arlabelingsubebz.obj
c:\users\cms\desktop\artoolkit5\visualstudio\vs120\debug\ar\arlabelingsubewi3c.obj
c:\users\cms\desktop\artoolkit5\visualstudio\vs120\debug\ar\arlabelingsubewi3c565.obj
c:\users\cms\desktop\artoolkit5\visualstudio\vs120\debug\ar\arlabelingsubewi3ca.obj
c:\users\cms\desktop\artoolkit5\visualstudio\vs120\debug\ar\arlabelingsubewi3ca4444.obj
c:\users\cms\desktop\artoolkit5\visualstudio\vs120\debug\ar\arlabelingsubewi3ca5551.obj
c:\users\cms\desktop\artoolkit5\visualstudio\vs120\debug\ar\arlabelingsubewia3c.obj
c:\users\cms\desktop\artoolkit5\visualstudio\vs120\debug\ar\arlabelingsubewic.obj
c:\users\cms\desktop\artoolkit5\visualstudio\vs120\debug\ar\arlabelingsubewicy.obj
c:\users\cms\desktop\artoolkit5\visualstudio\vs120\debug\ar\arlabelingsubewiyc.obj
c:\users\cms\desktop\artoolkit5\visualstudio\vs120\debug\ar\arlabelingsubewr3c.obj
c:\users\cms\desktop\artoolkit5\visualstudio\vs120\debug\ar\arlabelingsubewr3c565.obj
c:\users\cms\desktop\artoolkit5\visualstudio\vs120\debug\ar\arlabelingsubewr3ca.obj
c:\users\cms\desktop\artoolkit5\visualstudio\vs120\debug\ar\arlabelingsubewr3ca4444.obj
c:\users\cms\desktop\artoolkit5\visualstudio\vs120\debug\ar\arlabelingsubewr3ca5551.obj
c:\users\cms\desktop\artoolkit5\visualstudio\vs120\debug\ar\arlabelingsubewra3c.obj
c:\users\cms\desktop\artoolkit5\visualstudio\vs120\debug\ar\arlabelingsubdwr3ca5551.obj
c:\users\cms\desktop\artoolkit5\visualstudio\vs120\debug\ar\arlabelingsubdwra3c.obj
c:\users\cms\desktop\artoolkit5\visualstudio\vs120\debug\ar\arlabelingsubdwrc.obj
c:\users\cms\desktop\artoolkit5\visualstudio\vs120\debug\ar\arlabelingsubdwrcy.obj
c:\users\cms\desktop\artoolkit5\visualstudio\vs120\debug\ar\arlabelingsubdwryc.obj
c:\users\cms\desktop\artoolkit5\visualstudio\vs120\debug\ar\arlabelingsubdwz.obj
c:\users\cms\desktop\artoolkit5\visualstudio\vs120\debug\ar\arlabelingsubebi3c.obj
c:\users\cms\desktop\artoolkit5\visualstudio\vs120\debug\ar\arlabelingsubebi3c565.obj
c:\users\cms\desktop\artoolkit5\visualstudio\vs120\debug\ar\arlabelingsubebi3ca.obj
c:\users\cms\desktop\artoolkit5\visualstudio\vs120\debug\ar\arlabelingsubebi3ca4444.obj
c:\users\cms\desktop\artoolkit5\visualstudio\vs120\debug\ar\arlabelingsubebi3ca5551.obj
c:\users\cms\desktop\artoolkit5\visualstudio\vs120\debug\ar\arlabelingsubebia3c.obj
c:\users\cms\desktop\artoolkit5\visualstudio\vs120\debug\ar\arlabelingsubebic.obj
c:\users\cms\desktop\artoolkit5\visualstudio\vs120\debug\ar\arlabelingsubebicy.obj
c:\users\cms\desktop\artoolkit5\visualstudio\vs120\debug\ar\arlabelingsubebiyc.obj
c:\users\cms\desktop\artoolkit5\visualstudio\vs120\debug\ar\arlabelingsubebr3c.obj
c:\users\cms\desktop\artoolkit5\visualstudio\vs120\debug\ar\arlabelingsubebr3c565.obj
c:\users\cms\desktop\artoolkit5\visualstudio\vs120\debug\ar\arlabelingsubebr3ca.obj
c:\users\cms\desktop\artoolkit5\visualstudio\vs120\debug\ar\arlabelingsubebr3ca4444.obj
c:\users\cms\desktop\artoolkit5\visualstudio\vs120\debug\ar\arlabelingsubebr3ca5551.obj
c:\users\cms\desktop\artoolkit5\visualstudio\vs120\debug\ar\arlabelingsubdbr3ca4444.obj
c:\users\cms\desktop\artoolkit5\visualstudio\vs120\debug\ar\arlabelingsubdbr3ca5551.obj
c:\users\cms\desktop\artoolkit5\visualstudio\vs120\debug\ar\arlabelingsubdbra3c.obj
c:\users\cms\desktop\artoolkit5\visualstudio\vs120\debug\ar\arlabelingsubdbrc.obj
c:\users\cms\desktop\artoolkit5\visualstudio\vs120\debug\ar\arlabelingsubdbrcy.obj
c:\users\cms\desktop\artoolkit5\visualstudio\vs120\debug\ar\arlabelingsubdbryc.obj
c:\users\cms\desktop\artoolkit5\visualstudio\vs120\debug\ar\arlabelingsubdbz.obj
c:\users\cms\desktop\artoolkit5\visualstudio\vs120\debug\ar\arlabelingsubdwi3c.obj
c:\users\cms\desktop\artoolkit5\visualstudio\vs120\debug\ar\arlabelingsubdwi3c565.obj
c:\users\cms\desktop\artoolkit5\visualstudio\vs120\debug\ar\arlabelingsubdwi3ca.obj
c:\users\cms\desktop\artoolkit5\visualstudio\vs120\debug\ar\arlabelingsubdwi3ca4444.obj
c:\users\cms\desktop\artoolkit5\visualstudio\vs120\debug\ar\arlabelingsubdwi3ca5551.obj
c:\users\cms\desktop\artoolkit5\visualstudio\vs120\debug\ar\arlabelingsubdwia3c.obj
c:\users\cms\desktop\artoolkit5\visualstudio\vs120\debug\ar\arlabelingsubdwic.obj
c:\users\cms\desktop\artoolkit5\visualstudio\vs120\debug\ar\arlabelingsubdwicy.obj
c:\users\cms\desktop\artoolkit5\visualstudio\vs120\debug\ar\arlabelingsubdwiyc.obj
c:\users\cms\desktop\artoolkit5\visualstudio\vs120\debug\ar\arlabelingsubdwr3c.obj
c:\users\cms\desktop\artoolkit5\visualstudio\vs120\debug\ar\arlabelingsubdwr3c565.obj
c:\users\cms\desktop\artoolkit5\visualstudio\vs120\debug\ar\arlabelingsubdwr3ca.obj
c:\users\cms\desktop\artoolkit5\visualstudio\vs120\debug\ar\arlabelingsubdwr3ca4444.obj
c:\users\cms\desktop\artoolkit5\visualstudio\vs120\debug\ar\ardetectmarker.obj
c:\users\cms\desktop\artoolkit5\visualstudio\vs120\debug\ar\ardetectmarker2.obj
c:\users\cms\desktop\artoolkit5\visualstudio\vs120\debug\ar\arfiltertransmat.obj
c:\users\cms\desktop\artoolkit5\visualstudio\vs120\debug\ar\argetline.obj
c:\users\cms\desktop\artoolkit5\visualstudio\vs120\debug\ar\argetmarkerinfo.obj
c:\users\cms\desktop\artoolkit5\visualstudio\vs120\debug\ar\argettransmat.obj
c:\users\cms\desktop\artoolkit5\visualstudio\vs120\debug\ar\argettransmatstereo.obj
c:\users\cms\desktop\artoolkit5\visualstudio\vs120\debug\ar\arlabeling.obj
c:\users\cms\desktop\artoolkit5\visualstudio\vs120\debug\ar\arlabelingsubdbi3c.obj
c:\users\cms\desktop\artoolkit5\visualstudio\vs120\debug\ar\arlabelingsubdbi3c565.obj
c:\users\cms\desktop\artoolkit5\visualstudio\vs120\debug\ar\arlabelingsubdbi3ca.obj
c:\users\cms\desktop\artoolkit5\visualstudio\vs120\debug\ar\arlabelingsubdbi3ca4444.obj
c:\users\cms\desktop\artoolkit5\visualstudio\vs120\debug\ar\arlabelingsubdbi3ca5551.obj
c:\users\cms\desktop\artoolkit5\visualstudio\vs120\debug\ar\arlabelingsubdbia3c.obj
c:\users\cms\desktop\artoolkit5\visualstudio\vs120\debug\ar\arlabelingsubdbic.obj
c:\users\cms\desktop\artoolkit5\visualstudio\vs120\debug\ar\arlabelingsubdbicy.obj
c:\users\cms\desktop\artoolkit5\visualstudio\vs120\debug\ar\arlabelingsubdbiyc.obj
c:\users\cms\desktop\artoolkit5\visualstudio\vs120\debug\ar\arlabelingsubdbr3c.obj
c:\users\cms\desktop\artoolkit5\visualstudio\vs120\debug\ar\arlabelingsubdbr3c565.obj
c:\users\cms\desktop\artoolkit5\visualstudio\vs120\debug\ar\arlabelingsubdbr3ca.obj
c:\users\cms\desktop\artoolkit5\visualstudio\vs120\debug\ar\ar3dcreatehandle.obj
c:\users\cms\desktop\artoolkit5\visualstudio\vs120\debug\ar\ar3dutil.obj
c:\users\cms\desktop\artoolkit5\visualstudio\vs120\debug\ar\arcreatehandle.obj
c:\users\cms\desktop\artoolkit5\visualstudio\vs120\debug\ar\arimageproc.obj
c:\users\cms\desktop\artoolkit5\lib\win32-i386\ard.lib
c:\users\cms\desktop\artoolkit5\visualstudio\vs120\..\..\lib\win32-i386\ard.lib
c:\users\cms\desktop\artoolkit5\visualstudio\vs120\debug\ar\ar.tlog\cl.command.1.tlog
c:\users\cms\desktop\artoolkit5\visualstudio\vs120\debug\ar\ar.tlog\cl.read.1.tlog
c:\users\cms\desktop\artoolkit5\visualstudio\vs120\debug\ar\ar.tlog\cl.write.1.tlog
c:\users\cms\desktop\artoolkit5\visualstudio\vs120\debug\ar\ar.tlog\lib-link.read.1.tlog
c:\users\cms\desktop\artoolkit5\visualstudio\vs120\debug\ar\ar.tlog\lib-link.write.1.tlog
c:\users\cms\desktop\artoolkit5\visualstudio\vs120\debug\ar\ar.tlog\lib.command.1.tlog
