c:\users\cms\desktop\artoolkit5\visualstudio\vs120\x64\release\arwrapper\vc120.pdb
c:\users\cms\desktop\artoolkit5\visualstudio\vs120\x64\release\arwrapper\androidfeatures.obj
c:\users\cms\desktop\artoolkit5\visualstudio\vs120\x64\release\arwrapper\arcontroller.obj
c:\users\cms\desktop\artoolkit5\visualstudio\vs120\x64\release\arwrapper\colorconversion.obj
c:\users\cms\desktop\artoolkit5\visualstudio\vs120\x64\release\arwrapper\videosource.obj
c:\users\cms\desktop\artoolkit5\visualstudio\vs120\x64\release\arwrapper\artoolkitvideosource.obj
c:\users\cms\desktop\artoolkit5\visualstudio\vs120\x64\release\arwrapper\androidvideosource.obj
c:\users\cms\desktop\artoolkit5\visualstudio\vs120\x64\release\arwrapper\armarkernft.obj
c:\users\cms\desktop\artoolkit5\visualstudio\vs120\x64\release\arwrapper\armarkersquare.obj
c:\users\cms\desktop\artoolkit5\visualstudio\vs120\x64\release\arwrapper\armarkermulti.obj
c:\users\cms\desktop\artoolkit5\visualstudio\vs120\x64\release\arwrapper\arpattern.obj
c:\users\cms\desktop\artoolkit5\visualstudio\vs120\x64\release\arwrapper\armarker.obj
c:\users\cms\desktop\artoolkit5\visualstudio\vs120\x64\release\arwrapper\artoolkitwrapperexportedapi.obj
c:\users\cms\desktop\artoolkit5\visualstudio\vs120\x64\release\arwrapper\trackingsub.obj
c:\users\cms\desktop\artoolkit5\visualstudio\vs120\x64\release\arwrapper\arwrapper.tlog\cl.command.1.tlog
c:\users\cms\desktop\artoolkit5\visualstudio\vs120\x64\release\arwrapper\arwrapper.tlog\cl.read.1.tlog
c:\users\cms\desktop\artoolkit5\visualstudio\vs120\x64\release\arwrapper\arwrapper.tlog\cl.write.1.tlog
c:\users\cms\desktop\artoolkit5\visualstudio\vs120\x64\release\arwrapper\arwrapper.tlog\link.command.1.tlog
c:\users\cms\desktop\artoolkit5\visualstudio\vs120\x64\release\arwrapper\arwrapper.tlog\link.read.1.tlog
c:\users\cms\desktop\artoolkit5\visualstudio\vs120\x64\release\arwrapper\arwrapper.tlog\link.write.1.tlog
